\BOOKMARK [1][-]{section.1}{Introduction}{}% 1
\BOOKMARK [2][-]{subsection.1.1}{Assistants de preuve et prouveurs automatiques}{section.1}% 2
\BOOKMARK [2][-]{subsection.1.2}{Interface: le format TFF}{section.1}% 3
\BOOKMARK [2][-]{subsection.1.3}{Plan}{section.1}% 4
\BOOKMARK [1][-]{section.2}{Une traduction prouv\351e de la logique d'ordre sup\351rieur vers la logique du premier ordre}{}% 5
\BOOKMARK [2][-]{subsection.2.1}{Les \351tapes de la traduction}{section.2}% 6
\BOOKMARK [2][-]{subsection.2.2}{Algorithme de monomorphisation}{section.2}% 7
\BOOKMARK [3][-]{subsubsection.2.2.1}{Exemple}{subsection.2.2}% 8
\BOOKMARK [3][-]{subsubsection.2.2.2}{Graphe de d\351pendance}{subsection.2.2}% 9
\BOOKMARK [3][-]{subsubsection.2.2.3}{Cr\351ation de nouveaux th\351or\350mes \340 partir d'un graphe de d\351pendance}{subsection.2.2}% 10
\BOOKMARK [3][-]{subsubsection.2.2.4}{Implantation}{subsection.2.2}% 11
\BOOKMARK [1][-]{section.3}{Utilisation de Beagle et exp\351riences}{}% 12
\BOOKMARK [2][-]{subsection.3.1}{Pr\351sentation de Beagle}{section.3}% 13
\BOOKMARK [2][-]{subsection.3.2}{La tactique BEAGLE\137TAC}{section.3}% 14
\BOOKMARK [2][-]{subsection.3.3}{Exp\351riences}{section.3}% 15
\BOOKMARK [3][-]{subsubsection.3.3.1}{Software, hardware et tests}{subsection.3.3}% 16
\BOOKMARK [3][-]{subsubsection.3.3.2}{R\351sultats}{subsection.3.3}% 17
\BOOKMARK [1][-]{section.4}{V\351rification des preuves TFF}{}% 18
\BOOKMARK [2][-]{subsection.4.1}{V\351rification des preuves}{section.4}% 19
\BOOKMARK [3][-]{subsubsection.4.1.1}{Parsing}{subsection.4.1}% 20
\BOOKMARK [3][-]{subsubsection.4.1.2}{Rejouer la preuve}{subsection.4.1}% 21
\BOOKMARK [2][-]{subsection.4.2}{Application \340 Beagle}{section.4}% 22
\BOOKMARK [3][-]{subsubsection.4.2.1}{G\351n\351ration de traces par Beagle}{subsection.4.2}% 23
\BOOKMARK [3][-]{subsubsection.4.2.2}{Description sur un exemple}{subsection.4.2}% 24
\BOOKMARK [3][-]{subsubsection.4.2.3}{Conclusion}{subsection.4.2}% 25
\BOOKMARK [1][-]{section.5}{Travaux similaires et futurs}{}% 26
\BOOKMARK [1][-]{section.6}{Conclusion}{}% 27
